[0.068s] Invoking command in '/home/niklas/Documents/Telerrobotics/Lab2/ros2_ws_hough/build/rwth': CMAKE_PREFIX_PATH=/opt/ros/humble /usr/bin/cmake --build /home/niklas/Documents/Telerrobotics/Lab2/ros2_ws_hough/build/rwth -- -j8 -l8
[0.180s] [35m[1mConsolidate compiler generated dependencies of target rwth_publish[0m
[0.253s] [ 50%] [32mBuilding CXX object CMakeFiles/rwth_publish.dir/src/rwth.cpp.o[0m
[2.970s] In file included from [01m[K/home/niklas/Documents/Telerrobotics/Lab2/ros2_ws_hough/src/rwth/src/rwth.cpp:8[m[K:
[2.970s] [01m[K/home/niklas/Documents/Telerrobotics/Lab2/ros2_ws_hough/src/rwth/src/helper.hpp:20:32:[m[K [01;31m[Kerror: [m[Kinvalid use of non-static data member â€˜[01m[KHelper::sizeRowC[m[Kâ€™
[2.970s]    20 |     float findMaxValue(float C[[01;31m[KsizeRowC[m[K][sizeColC])
[2.970s]       |                                [01;31m[K^~~~~~~~[m[K
[2.971s] [01m[K/home/niklas/Documents/Telerrobotics/Lab2/ros2_ws_hough/src/rwth/src/helper.hpp:13:11:[m[K [01;36m[Knote: [m[Kdeclared here
[2.971s]    13 |       int [01;36m[KsizeRowC[m[K;
[2.971s]       |           [01;36m[K^~~~~~~~[m[K
[2.971s] [01m[K/home/niklas/Documents/Telerrobotics/Lab2/ros2_ws_hough/src/rwth/src/helper.hpp:20:42:[m[K [01;31m[Kerror: [m[Kinvalid use of non-static data member â€˜[01m[KHelper::sizeColC[m[Kâ€™
[2.972s]    20 |     float findMaxValue(float C[sizeRowC][[01;31m[KsizeColC[m[K])
[2.972s]       |                                          [01;31m[K^~~~~~~~[m[K
[2.972s] [01m[K/home/niklas/Documents/Telerrobotics/Lab2/ros2_ws_hough/src/rwth/src/helper.hpp:14:11:[m[K [01;36m[Knote: [m[Kdeclared here
[2.972s]    14 |       int [01;36m[KsizeColC[m[K;
[2.972s]       |           [01;36m[K^~~~~~~~[m[K
[2.973s] [01m[K/home/niklas/Documents/Telerrobotics/Lab2/ros2_ws_hough/src/rwth/src/helper.hpp:[m[K In constructor â€˜[01m[KHelper::Helper(int, int)[m[Kâ€™:
[2.973s] [01m[K/home/niklas/Documents/Telerrobotics/Lab2/ros2_ws_hough/src/rwth/src/helper.hpp:18:7:[m[K [01;31m[Kerror: [m[Kexpected â€˜[01m[K;[m[Kâ€™ before â€˜[01m[K}[m[Kâ€™ token
[2.973s]    18 |       [01;31m[K}[m[K
[2.973s]       |       [01;31m[K^[m[K
[3.019s] [01m[K/home/niklas/Documents/Telerrobotics/Lab2/ros2_ws_hough/src/rwth/src/rwth.cpp:[m[K In lambda function:
[3.020s] [01m[K/home/niklas/Documents/Telerrobotics/Lab2/ros2_ws_hough/src/rwth/src/rwth.cpp:57:34:[m[K [01;35m[Kwarning: [m[Kcomparison of integer expressions of different signedness: â€˜[01m[Kint[m[Kâ€™ and â€˜[01m[Kstd::vector<float>::size_type[m[Kâ€™ {aka â€˜[01m[Klong unsigned int[m[Kâ€™} [[01;35m[K]8;;https://gcc.gnu.org/onlinedocs/gcc/Warning-Options.html#index-Wsign-compare-Wsign-compare]8;;[m[K]
[3.020s]    57 |                 for(int i = 0; [01;35m[Ki < ranges.size()[m[K; i++)
[3.020s]       |                                [01;35m[K~~^~~~~~~~~~~~~~~[m[K
[3.020s] [01m[K/home/niklas/Documents/Telerrobotics/Lab2/ros2_ws_hough/src/rwth/src/rwth.cpp:67:35:[m[K [01;35m[Kwarning: [m[Kcomparison of integer expressions of different signedness: â€˜[01m[Kint[m[Kâ€™ and â€˜[01m[Kstd::vector<float>::size_type[m[Kâ€™ {aka â€˜[01m[Klong unsigned int[m[Kâ€™} [[01;35m[K]8;;https://gcc.gnu.org/onlinedocs/gcc/Warning-Options.html#index-Wsign-compare-Wsign-compare]8;;[m[K]
[3.021s]    67 |                 for (int i = 0; [01;35m[Ki < ranges.size()[m[K; ++i) {
[3.021s]       |                                 [01;35m[K~~^~~~~~~~~~~~~~~[m[K
[3.021s] [01m[K/home/niklas/Documents/Telerrobotics/Lab2/ros2_ws_hough/src/rwth/src/rwth.cpp:74:23:[m[K [01;35m[Kwarning: [m[KISO C++ forbids variable length array â€˜[01m[KC[m[Kâ€™ [[01;35m[K]8;;https://gcc.gnu.org/onlinedocs/gcc/Warning-Options.html#index-Wvla-Wvla]8;;[m[K]
[3.021s]    74 |                 float [01;35m[KC[m[K[Nr][NTh]={};
[3.022s]       |                       [01;35m[K^[m[K
[3.022s] [01m[K/home/niklas/Documents/Telerrobotics/Lab2/ros2_ws_hough/src/rwth/src/rwth.cpp:74:23:[m[K [01;35m[Kwarning: [m[KISO C++ forbids variable length array â€˜[01m[KC[m[Kâ€™ [[01;35m[K]8;;https://gcc.gnu.org/onlinedocs/gcc/Warning-Options.html#index-Wvla-Wvla]8;;[m[K]
[3.022s] [01m[K/home/niklas/Documents/Telerrobotics/Lab2/ros2_ws_hough/src/rwth/src/rwth.cpp:109:31:[m[K [01;35m[Kwarning: [m[Kunused variable â€˜[01m[Kg[m[Kâ€™ [[01;35m[K]8;;https://gcc.gnu.org/onlinedocs/gcc/Warning-Options.html#index-Wunused-variable-Wunused-variable]8;;[m[K]
[3.023s]   109 |                         float [01;35m[Kg[m[K = 0.0;
[3.023s]       |                               [01;35m[K^[m[K
[3.023s] [01m[K/home/niklas/Documents/Telerrobotics/Lab2/ros2_ws_hough/src/rwth/src/rwth.cpp:47:23:[m[K [01;35m[Kwarning: [m[Kunused variable â€˜[01m[Kangle_max[m[Kâ€™ [[01;35m[K]8;;https://gcc.gnu.org/onlinedocs/gcc/Warning-Options.html#index-Wunused-variable-Wunused-variable]8;;[m[K]
[3.023s]    47 |                 float [01;35m[Kangle_max[m[K = msg->angle_max;
[3.023s]       |                       [01;35m[K^~~~~~~~~[m[K
[3.024s] [01m[K/home/niklas/Documents/Telerrobotics/Lab2/ros2_ws_hough/src/rwth/src/rwth.cpp:49:23:[m[K [01;35m[Kwarning: [m[Kunused variable â€˜[01m[Krange_min[m[Kâ€™ [[01;35m[K]8;;https://gcc.gnu.org/onlinedocs/gcc/Warning-Options.html#index-Wunused-variable-Wunused-variable]8;;[m[K]
[3.024s]    49 |                 float [01;35m[Krange_min[m[K = msg->range_min;
[3.024s]       |                       [01;35m[K^~~~~~~~~[m[K
[3.024s] [01m[K/home/niklas/Documents/Telerrobotics/Lab2/ros2_ws_hough/src/rwth/src/rwth.cpp:50:23:[m[K [01;35m[Kwarning: [m[Kunused variable â€˜[01m[Krange_max[m[Kâ€™ [[01;35m[K]8;;https://gcc.gnu.org/onlinedocs/gcc/Warning-Options.html#index-Wunused-variable-Wunused-variable]8;;[m[K]
[3.025s]    50 |                 float [01;35m[Krange_max[m[K = msg->range_max;
[3.025s]       |                       [01;35m[K^~~~~~~~~[m[K
[3.025s] [01m[K/home/niklas/Documents/Telerrobotics/Lab2/ros2_ws_hough/src/rwth/src/rwth.cpp:72:21:[m[K [01;35m[Kwarning: [m[Kunused variable â€˜[01m[KNrOfMeas[m[Kâ€™ [[01;35m[K]8;;https://gcc.gnu.org/onlinedocs/gcc/Warning-Options.html#index-Wunused-variable-Wunused-variable]8;;[m[K]
[3.025s]    72 |                 int [01;35m[KNrOfMeas[m[K=ranges.size();
[3.026s]       |                     [01;35m[K^~~~~~~~[m[K
[3.026s] [01m[K/home/niklas/Documents/Telerrobotics/Lab2/ros2_ws_hough/src/rwth/src/rwth.cpp:93:23:[m[K [01;35m[Kwarning: [m[Kunused variable â€˜[01m[Ktres[m[Kâ€™ [[01;35m[K]8;;https://gcc.gnu.org/onlinedocs/gcc/Warning-Options.html#index-Wunused-variable-Wunused-variable]8;;[m[K]
[3.026s]    93 |                 float [01;35m[Ktres[m[K=0.1;
[3.027s]       |                       [01;35m[K^~~~[m[K
[3.027s] [01m[K/home/niklas/Documents/Telerrobotics/Lab2/ros2_ws_hough/src/rwth/src/rwth.cpp:177:23:[m[K [01;35m[Kwarning: [m[Kunused variable â€˜[01m[KreturnValue[m[Kâ€™ [[01;35m[K]8;;https://gcc.gnu.org/onlinedocs/gcc/Warning-Options.html#index-Wunused-variable-Wunused-variable]8;;[m[K]
[3.027s]   177 |                 float [01;35m[KreturnValue[m[K = newHelper.findMaxValue(C);
[3.027s]       |                       [01;35m[K^~~~~~~~~~~[m[K
[6.170s] gmake[2]: *** [CMakeFiles/rwth_publish.dir/build.make:76: CMakeFiles/rwth_publish.dir/src/rwth.cpp.o] Error 1
[6.170s] gmake[1]: *** [CMakeFiles/Makefile2:137: CMakeFiles/rwth_publish.dir/all] Error 2
[6.171s] gmake: *** [Makefile:146: all] Error 2
[6.176s] Invoked command in '/home/niklas/Documents/Telerrobotics/Lab2/ros2_ws_hough/build/rwth' returned '2': CMAKE_PREFIX_PATH=/opt/ros/humble /usr/bin/cmake --build /home/niklas/Documents/Telerrobotics/Lab2/ros2_ws_hough/build/rwth -- -j8 -l8
