[35m[1mConsolidate compiler generated dependencies of target rwth_publish[0m
[ 50%] [32mBuilding CXX object CMakeFiles/rwth_publish.dir/src/rwth.cpp.o[0m
[01m[K/home/niklas/Documents/Telerrobotics/Lab2/ros2_ws_hough/src/rwth/src/rwth.cpp:[m[K In lambda function:
[01m[K/home/niklas/Documents/Telerrobotics/Lab2/ros2_ws_hough/src/rwth/src/rwth.cpp:62:42:[m[K [01;35m[Kwarning: [m[Kcomparison of integer expressions of different signedness: â€˜[01m[Kint[m[Kâ€™ and â€˜[01m[Kstd::vector<float>::size_type[m[Kâ€™ {aka â€˜[01m[Klong unsigned int[m[Kâ€™} [[01;35m[K]8;;https://gcc.gnu.org/onlinedocs/gcc/Warning-Options.html#index-Wsign-compare-Wsign-compare]8;;[m[K]
   62 |                         for(int i = 0; [01;35m[Ki < ranges.size()[m[K; i++)
      |                                        [01;35m[K~~^~~~~~~~~~~~~~~[m[K
[01m[K/home/niklas/Documents/Telerrobotics/Lab2/ros2_ws_hough/src/rwth/src/rwth.cpp:72:43:[m[K [01;35m[Kwarning: [m[Kcomparison of integer expressions of different signedness: â€˜[01m[Kint[m[Kâ€™ and â€˜[01m[Kstd::vector<float>::size_type[m[Kâ€™ {aka â€˜[01m[Klong unsigned int[m[Kâ€™} [[01;35m[K]8;;https://gcc.gnu.org/onlinedocs/gcc/Warning-Options.html#index-Wsign-compare-Wsign-compare]8;;[m[K]
   72 |                         for (int i = 0; [01;35m[Ki < ranges.size()[m[K; ++i) {
      |                                         [01;35m[K~~^~~~~~~~~~~~~~~[m[K
[01m[K/home/niklas/Documents/Telerrobotics/Lab2/ros2_ws_hough/src/rwth/src/rwth.cpp:170:77:[m[K [01;31m[Kerror: [m[Kâ€˜[01m[Kclass Helper[m[Kâ€™ has no member named â€˜[01m[KcreatPeakMatrix[m[Kâ€™
  170 |                         std::vector<std::vector<float>> matrixC = newHelper.[01;31m[KcreatPeakMatrix[m[K(Nr, NTh);
      |                                                                             [01;31m[K^~~~~~~~~~~~~~~[m[K
gmake[2]: *** [CMakeFiles/rwth_publish.dir/build.make:76: CMakeFiles/rwth_publish.dir/src/rwth.cpp.o] Error 1
gmake[1]: *** [CMakeFiles/Makefile2:137: CMakeFiles/rwth_publish.dir/all] Error 2
gmake: *** [Makefile:146: all] Error 2
