[0.121s] Invoking command in '/home/niklas/Documents/Telerrobotics/Lab2/ros2_ws_hough/build/rwth': CMAKE_PREFIX_PATH=${CMAKE_PREFIX_PATH}:/home/niklas/Documents/Telerrobotics/Lab2/ros2_ws_hough/install/turtlebot3_teleop:/home/niklas/Documents/Telerrobotics/Lab2/ros2_ws_hough/install/turtlebot3_example:/opt/ros/humble /usr/bin/cmake --build /home/niklas/Documents/Telerrobotics/Lab2/ros2_ws_hough/build/rwth -- -j8 -l8
[0.202s] [35m[1mConsolidate compiler generated dependencies of target rwth_publish[0m
[0.244s] [ 50%] [32mBuilding CXX object CMakeFiles/rwth_publish.dir/src/rwth.cpp.o[0m
[3.921s] In file included from [01m[K/home/niklas/Documents/Telerrobotics/Lab2/ros2_ws_hough/src/rwth/src/rwth.cpp:9[m[K:
[3.921s] [01m[K/home/niklas/Documents/Telerrobotics/Lab2/ros2_ws_hough/src/rwth/src/helper.hpp:[m[K In member function â€˜[01m[Kfloat** HelperRWTH::creatPeakMatrix(float, float, std::vector<float>)[m[Kâ€™:
[3.922s] [01m[K/home/niklas/Documents/Telerrobotics/Lab2/ros2_ws_hough/src/rwth/src/helper.hpp:81:55:[m[K [01;31m[Kerror: [m[Kâ€˜[01m[KNTh[m[Kâ€™ was not declared in this scope
[3.922s]    81 |                                   for (int i = 0; i < [01;31m[KNTh[m[K; i++)
[3.922s]       |                                                       [01;31m[K^~~[m[K
[3.930s] [01m[K/home/niklas/Documents/Telerrobotics/Lab2/ros2_ws_hough/src/rwth/src/helper.hpp:90:29:[m[K [01;31m[Kerror: [m[Kâ€˜[01m[KNr[m[Kâ€™ was not declared in this scope
[3.930s]    90 |         for (int i = 0; i < [01;31m[KNr[m[K; i++)
[3.930s]       |                             [01;31m[K^~[m[K
[3.937s] [01m[K/home/niklas/Documents/Telerrobotics/Lab2/ros2_ws_hough/src/rwth/src/helper.hpp:100:28:[m[K [01;31m[Kerror: [m[Kâ€˜[01m[KNTh[m[Kâ€™ was not declared in this scope
[3.937s]   100 |         for (int h=0; h < ([01;31m[KNTh[m[K/2); h++)
[3.937s]       |                            [01;31m[K^~~[m[K
[3.950s] [01m[K/home/niklas/Documents/Telerrobotics/Lab2/ros2_ws_hough/src/rwth/src/helper.hpp:108:44:[m[K [01;31m[Kerror: [m[Kâ€˜[01m[Kphi[m[Kâ€™ was not declared in this scope
[3.951s]   108 |               R.push_back(ranges.at(k)*cos([01;31m[Kphi[m[K[k]-fTheta));
[3.951s]       |                                            [01;31m[K^~~[m[K
[3.960s] [01m[K/home/niklas/Documents/Telerrobotics/Lab2/ros2_ws_hough/src/rwth/src/helper.hpp:126:24:[m[K [01;31m[Kerror: [m[Kâ€˜[01m[KNr[m[Kâ€™ was not declared in this scope
[3.960s]   126 |                 if (Ri<[01;31m[KNr[m[K){
[3.960s]       |                        [01;31m[K^~[m[K
[4.028s] [01m[K/home/niklas/Documents/Telerrobotics/Lab2/ros2_ws_hough/src/rwth/src/rwth.cpp:[m[K In lambda function:
[4.028s] [01m[K/home/niklas/Documents/Telerrobotics/Lab2/ros2_ws_hough/src/rwth/src/rwth.cpp:62:42:[m[K [01;35m[Kwarning: [m[Kcomparison of integer expressions of different signedness: â€˜[01m[Kint[m[Kâ€™ and â€˜[01m[Kstd::vector<float>::size_type[m[Kâ€™ {aka â€˜[01m[Klong unsigned int[m[Kâ€™} [[01;35m[K]8;;https://gcc.gnu.org/onlinedocs/gcc/Warning-Options.html#index-Wsign-compare-Wsign-compare]8;;[m[K]
[4.028s]    62 |                         for(int i = 0; [01;35m[Ki < ranges.size()[m[K; i++)
[4.028s]       |                                        [01;35m[K~~^~~~~~~~~~~~~~~[m[K
[4.028s] [01m[K/home/niklas/Documents/Telerrobotics/Lab2/ros2_ws_hough/src/rwth/src/rwth.cpp:72:43:[m[K [01;35m[Kwarning: [m[Kcomparison of integer expressions of different signedness: â€˜[01m[Kint[m[Kâ€™ and â€˜[01m[Kstd::vector<float>::size_type[m[Kâ€™ {aka â€˜[01m[Klong unsigned int[m[Kâ€™} [[01;35m[K]8;;https://gcc.gnu.org/onlinedocs/gcc/Warning-Options.html#index-Wsign-compare-Wsign-compare]8;;[m[K]
[4.029s]    72 |                         for (int i = 0; [01;35m[Ki < ranges.size()[m[K; ++i) {
[4.029s]       |                                         [01;35m[K~~^~~~~~~~~~~~~~~[m[K
[4.033s] [01m[K/home/niklas/Documents/Telerrobotics/Lab2/ros2_ws_hough/src/rwth/src/rwth.cpp:177:33:[m[K [01;35m[Kwarning: [m[Kunused variable â€˜[01m[KC_s[m[Kâ€™ [[01;35m[K]8;;https://gcc.gnu.org/onlinedocs/gcc/Warning-Options.html#index-Wunused-variable-Wunused-variable]8;;[m[K]
[4.033s]   177 |                         float** [01;35m[KC_s[m[K = newHelper.creatPeakMatrix(dTheta, delta, ranges);
[4.034s]       |                                 [01;35m[K^~~[m[K
[8.180s] gmake[2]: *** [CMakeFiles/rwth_publish.dir/build.make:76: CMakeFiles/rwth_publish.dir/src/rwth.cpp.o] Error 1
[8.180s] gmake[1]: *** [CMakeFiles/Makefile2:137: CMakeFiles/rwth_publish.dir/all] Error 2
[8.181s] gmake: *** [Makefile:146: all] Error 2
[8.187s] Invoked command in '/home/niklas/Documents/Telerrobotics/Lab2/ros2_ws_hough/build/rwth' returned '2': CMAKE_PREFIX_PATH=${CMAKE_PREFIX_PATH}:/home/niklas/Documents/Telerrobotics/Lab2/ros2_ws_hough/install/turtlebot3_teleop:/home/niklas/Documents/Telerrobotics/Lab2/ros2_ws_hough/install/turtlebot3_example:/opt/ros/humble /usr/bin/cmake --build /home/niklas/Documents/Telerrobotics/Lab2/ros2_ws_hough/build/rwth -- -j8 -l8
