[0.094s] Invoking command in '/home/niklas/Documents/Telerrobotics/Lab2/ros2_ws_hough/build/rwth': CMAKE_PREFIX_PATH=${CMAKE_PREFIX_PATH}:/home/niklas/Documents/Telerrobotics/Lab2/ros2_ws_hough/install/turtlebot3_teleop:/home/niklas/Documents/Telerrobotics/Lab2/ros2_ws_hough/install/turtlebot3_example:/opt/ros/humble /usr/bin/cmake --build /home/niklas/Documents/Telerrobotics/Lab2/ros2_ws_hough/build/rwth -- -j8 -l8
[0.178s] [35m[1mConsolidate compiler generated dependencies of target rwth_publish[0m
[0.214s] [ 50%] [32mBuilding CXX object CMakeFiles/rwth_publish.dir/src/rwth.cpp.o[0m
[3.054s] [01m[K/home/niklas/Documents/Telerrobotics/Lab2/ros2_ws_hough/src/rwth/src/rwth.cpp:[m[K In lambda function:
[3.054s] [01m[K/home/niklas/Documents/Telerrobotics/Lab2/ros2_ws_hough/src/rwth/src/rwth.cpp:61:42:[m[K [01;35m[Kwarning: [m[Kcomparison of integer expressions of different signedness: â€˜[01m[Kint[m[Kâ€™ and â€˜[01m[Kstd::vector<float>::size_type[m[Kâ€™ {aka â€˜[01m[Klong unsigned int[m[Kâ€™} [[01;35m[K]8;;https://gcc.gnu.org/onlinedocs/gcc/Warning-Options.html#index-Wsign-compare-Wsign-compare]8;;[m[K]
[3.054s]    61 |                         for(int i = 0; [01;35m[Ki < ranges.size()[m[K; i++)
[3.055s]       |                                        [01;35m[K~~^~~~~~~~~~~~~~~[m[K
[3.055s] [01m[K/home/niklas/Documents/Telerrobotics/Lab2/ros2_ws_hough/src/rwth/src/rwth.cpp:74:43:[m[K [01;35m[Kwarning: [m[Kcomparison of integer expressions of different signedness: â€˜[01m[Kint[m[Kâ€™ and â€˜[01m[Kstd::vector<float>::size_type[m[Kâ€™ {aka â€˜[01m[Klong unsigned int[m[Kâ€™} [[01;35m[K]8;;https://gcc.gnu.org/onlinedocs/gcc/Warning-Options.html#index-Wsign-compare-Wsign-compare]8;;[m[K]
[3.055s]    74 |                         for (int i = 0; [01;35m[Ki < ranges.size()[m[K; ++i) {
[3.055s]       |                                         [01;35m[K~~^~~~~~~~~~~~~~~[m[K
[3.055s] [01m[K/home/niklas/Documents/Telerrobotics/Lab2/ros2_ws_hough/src/rwth/src/rwth.cpp:83:31:[m[K [01;35m[Kwarning: [m[KISO C++ forbids variable length array â€˜[01m[KC[m[Kâ€™ [[01;35m[K]8;;https://gcc.gnu.org/onlinedocs/gcc/Warning-Options.html#index-Wvla-Wvla]8;;[m[K]
[3.056s]    83 |                         float [01;35m[KC[m[K[Nr][NTh]={};
[3.056s]       |                               [01;35m[K^[m[K
[3.056s] [01m[K/home/niklas/Documents/Telerrobotics/Lab2/ros2_ws_hough/src/rwth/src/rwth.cpp:83:31:[m[K [01;35m[Kwarning: [m[KISO C++ forbids variable length array â€˜[01m[KC[m[Kâ€™ [[01;35m[K]8;;https://gcc.gnu.org/onlinedocs/gcc/Warning-Options.html#index-Wvla-Wvla]8;;[m[K]
[3.059s] In file included from [01m[K/opt/ros/humble/include/rclcpp/rclcpp/logging.hpp:24[m[K,
[3.059s]                  from [01m[K/opt/ros/humble/include/rclcpp/rclcpp/client.hpp:40[m[K,
[3.060s]                  from [01m[K/opt/ros/humble/include/rclcpp/rclcpp/callback_group.hpp:24[m[K,
[3.060s]                  from [01m[K/opt/ros/humble/include/rclcpp/rclcpp/any_executable.hpp:20[m[K,
[3.060s]                  from [01m[K/opt/ros/humble/include/rclcpp/rclcpp/memory_strategy.hpp:25[m[K,
[3.060s]                  from [01m[K/opt/ros/humble/include/rclcpp/rclcpp/memory_strategies.hpp:18[m[K,
[3.060s]                  from [01m[K/opt/ros/humble/include/rclcpp/rclcpp/executor_options.hpp:20[m[K,
[3.061s]                  from [01m[K/opt/ros/humble/include/rclcpp/rclcpp/executor.hpp:37[m[K,
[3.061s]                  from [01m[K/opt/ros/humble/include/rclcpp/rclcpp/executors/multi_threaded_executor.hpp:25[m[K,
[3.061s]                  from [01m[K/opt/ros/humble/include/rclcpp/rclcpp/executors.hpp:21[m[K,
[3.061s]                  from [01m[K/opt/ros/humble/include/rclcpp/rclcpp/rclcpp.hpp:155[m[K,
[3.062s]                  from [01m[K/home/niklas/Documents/Telerrobotics/Lab2/ros2_ws_hough/src/rwth/src/rwth.cpp:9[m[K:
[3.062s] [01m[K/home/niklas/Documents/Telerrobotics/Lab2/ros2_ws_hough/src/rwth/src/rwth.cpp:145:102:[m[K [01;31m[Kerror: [m[Kunable to find string literal operator â€˜[01m[Koperator""Exception[m[Kâ€™ with â€˜[01m[Kconst char [1][m[Kâ€™, â€˜[01m[Klong unsigned int[m[Kâ€™ arguments
[3.062s]   145 |                                                         RCLCPP_INFO(rclcpp::get_logger("Threading"), [01;31m[K""Exception[m[K: %s", e.what()");
[3.062s]       |                                                                                                      [01;31m[K^~~~~~~~~~~[m[K
[3.062s] [01m[K/home/niklas/Documents/Telerrobotics/Lab2/ros2_ws_hough/src/rwth/src/rwth.cpp:52:31:[m[K [01;35m[Kwarning: [m[Kunused variable â€˜[01m[Kangle_max[m[Kâ€™ [[01;35m[K]8;;https://gcc.gnu.org/onlinedocs/gcc/Warning-Options.html#index-Wunused-variable-Wunused-variable]8;;[m[K]
[3.062s]    52 |                         float [01;35m[Kangle_max[m[K = msg->angle_max;
[3.063s]       |                               [01;35m[K^~~~~~~~~[m[K
[3.063s] [01m[K/home/niklas/Documents/Telerrobotics/Lab2/ros2_ws_hough/src/rwth/src/rwth.cpp:54:31:[m[K [01;35m[Kwarning: [m[Kunused variable â€˜[01m[Krange_min[m[Kâ€™ [[01;35m[K]8;;https://gcc.gnu.org/onlinedocs/gcc/Warning-Options.html#index-Wunused-variable-Wunused-variable]8;;[m[K]
[3.063s]    54 |                         float [01;35m[Krange_min[m[K = msg->range_min;
[3.063s]       |                               [01;35m[K^~~~~~~~~[m[K
[3.063s] [01m[K/home/niklas/Documents/Telerrobotics/Lab2/ros2_ws_hough/src/rwth/src/rwth.cpp:55:31:[m[K [01;35m[Kwarning: [m[Kunused variable â€˜[01m[Krange_max[m[Kâ€™ [[01;35m[K]8;;https://gcc.gnu.org/onlinedocs/gcc/Warning-Options.html#index-Wunused-variable-Wunused-variable]8;;[m[K]
[3.064s]    55 |                         float [01;35m[Krange_max[m[K = msg->range_max;
[3.064s]       |                               [01;35m[K^~~~~~~~~[m[K
[3.064s] [01m[K/home/niklas/Documents/Telerrobotics/Lab2/ros2_ws_hough/src/rwth/src/rwth.cpp:81:29:[m[K [01;35m[Kwarning: [m[Kunused variable â€˜[01m[KNrOfMeas[m[Kâ€™ [[01;35m[K]8;;https://gcc.gnu.org/onlinedocs/gcc/Warning-Options.html#index-Wunused-variable-Wunused-variable]8;;[m[K]
[3.064s]    81 |                         int [01;35m[KNrOfMeas[m[K=ranges.size();
[3.064s]       |                             [01;35m[K^~~~~~~~[m[K
[3.064s] [01m[K/home/niklas/Documents/Telerrobotics/Lab2/ros2_ws_hough/src/rwth/src/rwth.cpp:103:31:[m[K [01;35m[Kwarning: [m[Kunused variable â€˜[01m[Ktres[m[Kâ€™ [[01;35m[K]8;;https://gcc.gnu.org/onlinedocs/gcc/Warning-Options.html#index-Wunused-variable-Wunused-variable]8;;[m[K]
[3.064s]   103 |                         float [01;35m[Ktres[m[K=0.1;
[3.064s]       |                               [01;35m[K^~~~[m[K
[6.077s] gmake[2]: *** [CMakeFiles/rwth_publish.dir/build.make:76: CMakeFiles/rwth_publish.dir/src/rwth.cpp.o] Error 1
[6.078s] gmake[1]: *** [CMakeFiles/Makefile2:137: CMakeFiles/rwth_publish.dir/all] Error 2
[6.078s] gmake: *** [Makefile:146: all] Error 2
[6.082s] Invoked command in '/home/niklas/Documents/Telerrobotics/Lab2/ros2_ws_hough/build/rwth' returned '2': CMAKE_PREFIX_PATH=${CMAKE_PREFIX_PATH}:/home/niklas/Documents/Telerrobotics/Lab2/ros2_ws_hough/install/turtlebot3_teleop:/home/niklas/Documents/Telerrobotics/Lab2/ros2_ws_hough/install/turtlebot3_example:/opt/ros/humble /usr/bin/cmake --build /home/niklas/Documents/Telerrobotics/Lab2/ros2_ws_hough/build/rwth -- -j8 -l8
