[0.128s] Invoking command in '/home/niklas/Documents/Telerrobotics/Lab2/ros2_ws_hough/build/rwth': CMAKE_PREFIX_PATH=${CMAKE_PREFIX_PATH}:/home/niklas/Documents/Telerrobotics/Lab2/ros2_ws_hough/install/turtlebot3_teleop:/home/niklas/Documents/Telerrobotics/Lab2/ros2_ws_hough/install/turtlebot3_example:/opt/ros/humble /usr/bin/cmake --build /home/niklas/Documents/Telerrobotics/Lab2/ros2_ws_hough/build/rwth -- -j8 -l8
[0.215s] [35m[1mConsolidate compiler generated dependencies of target rwth_publish[0m
[0.261s] [ 50%] [32mBuilding CXX object CMakeFiles/rwth_publish.dir/src/rwth.cpp.o[0m
[3.708s] In file included from [01m[K/home/niklas/Documents/Telerrobotics/Lab2/ros2_ws_hough/src/rwth/src/rwth.cpp:8[m[K:
[3.708s] [01m[K/home/niklas/Documents/Telerrobotics/Lab2/ros2_ws_hough/src/rwth/src/helper.hpp:[m[K In member function â€˜[01m[Kfloat Helper::findMaxValue(float**)[m[Kâ€™:
[3.708s] [01m[K/home/niklas/Documents/Telerrobotics/Lab2/ros2_ws_hough/src/rwth/src/helper.hpp:20:34:[m[K [01;35m[Kwarning: [m[Kunused parameter â€˜[01m[KC[m[Kâ€™ [[01;35m[K]8;;https://gcc.gnu.org/onlinedocs/gcc/Warning-Options.html#index-Wunused-parameter-Wunused-parameter]8;;[m[K]
[3.708s]    20 |       float findMaxValue([01;35m[Kfloat** C[m[K)
[3.709s]       |                          [01;35m[K~~~~~~~~^[m[K
[3.768s] [01m[K/home/niklas/Documents/Telerrobotics/Lab2/ros2_ws_hough/src/rwth/src/rwth.cpp:[m[K In lambda function:
[3.768s] [01m[K/home/niklas/Documents/Telerrobotics/Lab2/ros2_ws_hough/src/rwth/src/rwth.cpp:57:34:[m[K [01;35m[Kwarning: [m[Kcomparison of integer expressions of different signedness: â€˜[01m[Kint[m[Kâ€™ and â€˜[01m[Kstd::vector<float>::size_type[m[Kâ€™ {aka â€˜[01m[Klong unsigned int[m[Kâ€™} [[01;35m[K]8;;https://gcc.gnu.org/onlinedocs/gcc/Warning-Options.html#index-Wsign-compare-Wsign-compare]8;;[m[K]
[3.769s]    57 |                 for(int i = 0; [01;35m[Ki < ranges.size()[m[K; i++)
[3.769s]       |                                [01;35m[K~~^~~~~~~~~~~~~~~[m[K
[3.769s] [01m[K/home/niklas/Documents/Telerrobotics/Lab2/ros2_ws_hough/src/rwth/src/rwth.cpp:67:35:[m[K [01;35m[Kwarning: [m[Kcomparison of integer expressions of different signedness: â€˜[01m[Kint[m[Kâ€™ and â€˜[01m[Kstd::vector<float>::size_type[m[Kâ€™ {aka â€˜[01m[Klong unsigned int[m[Kâ€™} [[01;35m[K]8;;https://gcc.gnu.org/onlinedocs/gcc/Warning-Options.html#index-Wsign-compare-Wsign-compare]8;;[m[K]
[3.769s]    67 |                 for (int i = 0; [01;35m[Ki < ranges.size()[m[K; ++i) {
[3.770s]       |                                 [01;35m[K~~^~~~~~~~~~~~~~~[m[K
[3.773s] [01m[K/home/niklas/Documents/Telerrobotics/Lab2/ros2_ws_hough/src/rwth/src/rwth.cpp:124:57:[m[K [01;31m[Kerror: [m[Kexpected â€˜[01m[K,[m[Kâ€™ or â€˜[01m[K;[m[Kâ€™ before â€˜[01m[KC[m[Kâ€™
[3.773s]   124 |                                                         [01;31m[KC[m[K[Ri][h]=C[Ri][h]+R[j];
[3.773s]       |                                                         [01;31m[K^[m[K
[3.775s] [01m[K/home/niklas/Documents/Telerrobotics/Lab2/ros2_ws_hough/src/rwth/src/rwth.cpp:110:31:[m[K [01;35m[Kwarning: [m[Kunused variable â€˜[01m[Kg[m[Kâ€™ [[01;35m[K]8;;https://gcc.gnu.org/onlinedocs/gcc/Warning-Options.html#index-Wunused-variable-Wunused-variable]8;;[m[K]
[3.775s]   110 |                         float [01;35m[Kg[m[K = 0.0;
[3.776s]       |                               [01;35m[K^[m[K
[3.776s] [01m[K/home/niklas/Documents/Telerrobotics/Lab2/ros2_ws_hough/src/rwth/src/rwth.cpp:47:23:[m[K [01;35m[Kwarning: [m[Kunused variable â€˜[01m[Kangle_max[m[Kâ€™ [[01;35m[K]8;;https://gcc.gnu.org/onlinedocs/gcc/Warning-Options.html#index-Wunused-variable-Wunused-variable]8;;[m[K]
[3.776s]    47 |                 float [01;35m[Kangle_max[m[K = msg->angle_max;
[3.776s]       |                       [01;35m[K^~~~~~~~~[m[K
[3.776s] [01m[K/home/niklas/Documents/Telerrobotics/Lab2/ros2_ws_hough/src/rwth/src/rwth.cpp:49:23:[m[K [01;35m[Kwarning: [m[Kunused variable â€˜[01m[Krange_min[m[Kâ€™ [[01;35m[K]8;;https://gcc.gnu.org/onlinedocs/gcc/Warning-Options.html#index-Wunused-variable-Wunused-variable]8;;[m[K]
[3.776s]    49 |                 float [01;35m[Krange_min[m[K = msg->range_min;
[3.777s]       |                       [01;35m[K^~~~~~~~~[m[K
[3.777s] [01m[K/home/niklas/Documents/Telerrobotics/Lab2/ros2_ws_hough/src/rwth/src/rwth.cpp:50:23:[m[K [01;35m[Kwarning: [m[Kunused variable â€˜[01m[Krange_max[m[Kâ€™ [[01;35m[K]8;;https://gcc.gnu.org/onlinedocs/gcc/Warning-Options.html#index-Wunused-variable-Wunused-variable]8;;[m[K]
[3.777s]    50 |                 float [01;35m[Krange_max[m[K = msg->range_max;
[3.777s]       |                       [01;35m[K^~~~~~~~~[m[K
[3.777s] [01m[K/home/niklas/Documents/Telerrobotics/Lab2/ros2_ws_hough/src/rwth/src/rwth.cpp:72:21:[m[K [01;35m[Kwarning: [m[Kunused variable â€˜[01m[KNrOfMeas[m[Kâ€™ [[01;35m[K]8;;https://gcc.gnu.org/onlinedocs/gcc/Warning-Options.html#index-Wunused-variable-Wunused-variable]8;;[m[K]
[3.778s]    72 |                 int [01;35m[KNrOfMeas[m[K=ranges.size();
[3.778s]       |                     [01;35m[K^~~~~~~~[m[K
[3.778s] [01m[K/home/niklas/Documents/Telerrobotics/Lab2/ros2_ws_hough/src/rwth/src/rwth.cpp:94:23:[m[K [01;35m[Kwarning: [m[Kunused variable â€˜[01m[Ktres[m[Kâ€™ [[01;35m[K]8;;https://gcc.gnu.org/onlinedocs/gcc/Warning-Options.html#index-Wunused-variable-Wunused-variable]8;;[m[K]
[3.778s]    94 |                 float [01;35m[Ktres[m[K=0.1;
[3.778s]       |                       [01;35m[K^~~~[m[K
[7.643s] gmake[2]: *** [CMakeFiles/rwth_publish.dir/build.make:76: CMakeFiles/rwth_publish.dir/src/rwth.cpp.o] Error 1
[7.644s] gmake[1]: *** [CMakeFiles/Makefile2:137: CMakeFiles/rwth_publish.dir/all] Error 2
[7.645s] gmake: *** [Makefile:146: all] Error 2
[7.654s] Invoked command in '/home/niklas/Documents/Telerrobotics/Lab2/ros2_ws_hough/build/rwth' returned '2': CMAKE_PREFIX_PATH=${CMAKE_PREFIX_PATH}:/home/niklas/Documents/Telerrobotics/Lab2/ros2_ws_hough/install/turtlebot3_teleop:/home/niklas/Documents/Telerrobotics/Lab2/ros2_ws_hough/install/turtlebot3_example:/opt/ros/humble /usr/bin/cmake --build /home/niklas/Documents/Telerrobotics/Lab2/ros2_ws_hough/build/rwth -- -j8 -l8
