[01m[K/home/niklas/Documents/Telerrobotics/Lab2/ros2_ws_hough/src/rwth/src/rwth.cpp:[m[K In lambda function:
[01m[K/home/niklas/Documents/Telerrobotics/Lab2/ros2_ws_hough/src/rwth/src/rwth.cpp:46:31:[m[K [01;31m[Kerror: [m[Kâ€˜[01m[KNTh[m[Kâ€™ does not name a type
   46 |                         const [01;31m[KNTh[m[K = 300;
      |                               [01;31m[K^~~[m[K
[01m[K/home/niklas/Documents/Telerrobotics/Lab2/ros2_ws_hough/src/rwth/src/rwth.cpp:63:42:[m[K [01;35m[Kwarning: [m[Kcomparison of integer expressions of different signedness: â€˜[01m[Kint[m[Kâ€™ and â€˜[01m[Kstd::vector<float>::size_type[m[Kâ€™ {aka â€˜[01m[Klong unsigned int[m[Kâ€™} [[01;35m[K]8;;https://gcc.gnu.org/onlinedocs/gcc/Warning-Options.html#index-Wsign-compare-Wsign-compare]8;;[m[K]
   63 |                         for(int i = 0; [01;35m[Ki < ranges.size()[m[K; i++)
      |                                        [01;35m[K~~^~~~~~~~~~~~~~~[m[K
[01m[K/home/niklas/Documents/Telerrobotics/Lab2/ros2_ws_hough/src/rwth/src/rwth.cpp:69:52:[m[K [01;31m[Kerror: [m[Kâ€˜[01m[KNTh[m[Kâ€™ was not declared in this scope
   69 |                         float dTheta=2.0*pi/(float)[01;31m[KNTh[m[K;
      |                                                    [01;31m[K^~~[m[K
[01m[K/home/niklas/Documents/Telerrobotics/Lab2/ros2_ws_hough/src/rwth/src/rwth.cpp:73:43:[m[K [01;35m[Kwarning: [m[Kcomparison of integer expressions of different signedness: â€˜[01m[Kint[m[Kâ€™ and â€˜[01m[Kstd::vector<float>::size_type[m[Kâ€™ {aka â€˜[01m[Klong unsigned int[m[Kâ€™} [[01;35m[K]8;;https://gcc.gnu.org/onlinedocs/gcc/Warning-Options.html#index-Wsign-compare-Wsign-compare]8;;[m[K]
   73 |                         for (int i = 0; [01;35m[Ki < ranges.size()[m[K; ++i) {
      |                                         [01;35m[K~~^~~~~~~~~~~~~~~[m[K
[01m[K/home/niklas/Documents/Telerrobotics/Lab2/ros2_ws_hough/src/rwth/src/rwth.cpp:130:39:[m[K [01;35m[Kwarning: [m[Kunused variable â€˜[01m[Kg[m[Kâ€™ [[01;35m[K]8;;https://gcc.gnu.org/onlinedocs/gcc/Warning-Options.html#index-Wunused-variable-Wunused-variable]8;;[m[K]
  130 |                                 float [01;35m[Kg[m[K = 0.0;
      |                                       [01;35m[K^[m[K
[01m[K/home/niklas/Documents/Telerrobotics/Lab2/ros2_ws_hough/src/rwth/src/rwth.cpp:53:31:[m[K [01;35m[Kwarning: [m[Kunused variable â€˜[01m[Kangle_max[m[Kâ€™ [[01;35m[K]8;;https://gcc.gnu.org/onlinedocs/gcc/Warning-Options.html#index-Wunused-variable-Wunused-variable]8;;[m[K]
   53 |                         float [01;35m[Kangle_max[m[K = msg->angle_max;
      |                               [01;35m[K^~~~~~~~~[m[K
[01m[K/home/niklas/Documents/Telerrobotics/Lab2/ros2_ws_hough/src/rwth/src/rwth.cpp:79:29:[m[K [01;35m[Kwarning: [m[Kunused variable â€˜[01m[KNrOfMeas[m[Kâ€™ [[01;35m[K]8;;https://gcc.gnu.org/onlinedocs/gcc/Warning-Options.html#index-Wunused-variable-Wunused-variable]8;;[m[K]
   79 |                         int [01;35m[KNrOfMeas[m[K=ranges.size();
      |                             [01;35m[K^~~~~~~~[m[K
[01m[K/home/niklas/Documents/Telerrobotics/Lab2/ros2_ws_hough/src/rwth/src/rwth.cpp:114:31:[m[K [01;35m[Kwarning: [m[Kunused variable â€˜[01m[Ktres[m[Kâ€™ [[01;35m[K]8;;https://gcc.gnu.org/onlinedocs/gcc/Warning-Options.html#index-Wunused-variable-Wunused-variable]8;;[m[K]
  114 |                         float [01;35m[Ktres[m[K=0.1;
      |                               [01;35m[K^~~~[m[K
gmake[2]: *** [CMakeFiles/rwth_publish.dir/build.make:76: CMakeFiles/rwth_publish.dir/src/rwth.cpp.o] Error 1
gmake[1]: *** [CMakeFiles/Makefile2:137: CMakeFiles/rwth_publish.dir/all] Error 2
gmake: *** [Makefile:146: all] Error 2
