[0.132s] Invoking command in '/home/niklas/Documents/Telerrobotics/Lab2/ros2_ws_hough/build/rwth': CMAKE_PREFIX_PATH=${CMAKE_PREFIX_PATH}:/home/niklas/Documents/Telerrobotics/Lab2/ros2_ws_hough/install/turtlebot3_teleop:/home/niklas/Documents/Telerrobotics/Lab2/ros2_ws_hough/install/turtlebot3_example:/opt/ros/humble /usr/bin/cmake --build /home/niklas/Documents/Telerrobotics/Lab2/ros2_ws_hough/build/rwth -- -j8 -l8
[0.231s] [35m[1mConsolidate compiler generated dependencies of target rwth_publish[0m
[0.270s] [ 50%] [32mBuilding CXX object CMakeFiles/rwth_publish.dir/src/rwth.cpp.o[0m
[3.696s] [01m[K/home/niklas/Documents/Telerrobotics/Lab2/ros2_ws_hough/src/rwth/src/rwth.cpp:[m[K In lambda function:
[3.697s] [01m[K/home/niklas/Documents/Telerrobotics/Lab2/ros2_ws_hough/src/rwth/src/rwth.cpp:61:42:[m[K [01;35m[Kwarning: [m[Kcomparison of integer expressions of different signedness: â€˜[01m[Kint[m[Kâ€™ and â€˜[01m[Kstd::vector<float>::size_type[m[Kâ€™ {aka â€˜[01m[Klong unsigned int[m[Kâ€™} [[01;35m[K]8;;https://gcc.gnu.org/onlinedocs/gcc/Warning-Options.html#index-Wsign-compare-Wsign-compare]8;;[m[K]
[3.697s]    61 |                         for(int i = 0; [01;35m[Ki < ranges.size()[m[K; i++)
[3.697s]       |                                        [01;35m[K~~^~~~~~~~~~~~~~~[m[K
[3.697s] [01m[K/home/niklas/Documents/Telerrobotics/Lab2/ros2_ws_hough/src/rwth/src/rwth.cpp:74:43:[m[K [01;35m[Kwarning: [m[Kcomparison of integer expressions of different signedness: â€˜[01m[Kint[m[Kâ€™ and â€˜[01m[Kstd::vector<float>::size_type[m[Kâ€™ {aka â€˜[01m[Klong unsigned int[m[Kâ€™} [[01;35m[K]8;;https://gcc.gnu.org/onlinedocs/gcc/Warning-Options.html#index-Wsign-compare-Wsign-compare]8;;[m[K]
[3.697s]    74 |                         for (int i = 0; [01;35m[Ki < ranges.size()[m[K; ++i) {
[3.698s]       |                                         [01;35m[K~~^~~~~~~~~~~~~~~[m[K
[3.698s] [01m[K/home/niklas/Documents/Telerrobotics/Lab2/ros2_ws_hough/src/rwth/src/rwth.cpp:83:31:[m[K [01;35m[Kwarning: [m[KISO C++ forbids variable length array â€˜[01m[KC[m[Kâ€™ [[01;35m[K]8;;https://gcc.gnu.org/onlinedocs/gcc/Warning-Options.html#index-Wvla-Wvla]8;;[m[K]
[3.699s]    83 |                         float [01;35m[KC[m[K[Nr][NTh]={};
[3.699s]       |                               [01;35m[K^[m[K
[3.699s] [01m[K/home/niklas/Documents/Telerrobotics/Lab2/ros2_ws_hough/src/rwth/src/rwth.cpp:83:31:[m[K [01;35m[Kwarning: [m[KISO C++ forbids variable length array â€˜[01m[KC[m[Kâ€™ [[01;35m[K]8;;https://gcc.gnu.org/onlinedocs/gcc/Warning-Options.html#index-Wvla-Wvla]8;;[m[K]
[3.700s] [01m[K/home/niklas/Documents/Telerrobotics/Lab2/ros2_ws_hough/src/rwth/src/rwth.cpp:107:37:[m[K [01;31m[Kerror: [m[Kredeclaration of â€˜[01m[Kint h[m[Kâ€™
[3.700s]   107 |                                 int [01;31m[Kh[m[K = i;
[3.700s]       |                                     [01;31m[K^[m[K
[3.700s] [01m[K/home/niklas/Documents/Telerrobotics/Lab2/ros2_ws_hough/src/rwth/src/rwth.cpp:105:34:[m[K [01;36m[Knote: [m[Kâ€˜[01m[Kint h[m[Kâ€™ previously declared here
[3.701s]   105 |                         for (int [01;36m[Kh[m[K=0; h < (50); h++)
[3.701s]       |                                  [01;36m[K^[m[K
[3.705s] [01m[K/home/niklas/Documents/Telerrobotics/Lab2/ros2_ws_hough/src/rwth/src/rwth.cpp:107:41:[m[K [01;31m[Kerror: [m[Kâ€˜[01m[Ki[m[Kâ€™ was not declared in this scope
[3.705s]   107 |                                 int h = [01;31m[Ki[m[K;
[3.705s]       |                                         [01;31m[K^[m[K
[3.713s] [01m[K/home/niklas/Documents/Telerrobotics/Lab2/ros2_ws_hough/src/rwth/src/rwth.cpp:52:31:[m[K [01;35m[Kwarning: [m[Kunused variable â€˜[01m[Kangle_max[m[Kâ€™ [[01;35m[K]8;;https://gcc.gnu.org/onlinedocs/gcc/Warning-Options.html#index-Wunused-variable-Wunused-variable]8;;[m[K]
[3.713s]    52 |                         float [01;35m[Kangle_max[m[K = msg->angle_max;
[3.714s]       |                               [01;35m[K^~~~~~~~~[m[K
[3.714s] [01m[K/home/niklas/Documents/Telerrobotics/Lab2/ros2_ws_hough/src/rwth/src/rwth.cpp:54:31:[m[K [01;35m[Kwarning: [m[Kunused variable â€˜[01m[Krange_min[m[Kâ€™ [[01;35m[K]8;;https://gcc.gnu.org/onlinedocs/gcc/Warning-Options.html#index-Wunused-variable-Wunused-variable]8;;[m[K]
[3.714s]    54 |                         float [01;35m[Krange_min[m[K = msg->range_min;
[3.714s]       |                               [01;35m[K^~~~~~~~~[m[K
[3.715s] [01m[K/home/niklas/Documents/Telerrobotics/Lab2/ros2_ws_hough/src/rwth/src/rwth.cpp:55:31:[m[K [01;35m[Kwarning: [m[Kunused variable â€˜[01m[Krange_max[m[Kâ€™ [[01;35m[K]8;;https://gcc.gnu.org/onlinedocs/gcc/Warning-Options.html#index-Wunused-variable-Wunused-variable]8;;[m[K]
[3.715s]    55 |                         float [01;35m[Krange_max[m[K = msg->range_max;
[3.715s]       |                               [01;35m[K^~~~~~~~~[m[K
[3.715s] [01m[K/home/niklas/Documents/Telerrobotics/Lab2/ros2_ws_hough/src/rwth/src/rwth.cpp:81:29:[m[K [01;35m[Kwarning: [m[Kunused variable â€˜[01m[KNrOfMeas[m[Kâ€™ [[01;35m[K]8;;https://gcc.gnu.org/onlinedocs/gcc/Warning-Options.html#index-Wunused-variable-Wunused-variable]8;;[m[K]
[3.716s]    81 |                         int [01;35m[KNrOfMeas[m[K=ranges.size();
[3.716s]       |                             [01;35m[K^~~~~~~~[m[K
[3.716s] [01m[K/home/niklas/Documents/Telerrobotics/Lab2/ros2_ws_hough/src/rwth/src/rwth.cpp:103:31:[m[K [01;35m[Kwarning: [m[Kunused variable â€˜[01m[Ktres[m[Kâ€™ [[01;35m[K]8;;https://gcc.gnu.org/onlinedocs/gcc/Warning-Options.html#index-Wunused-variable-Wunused-variable]8;;[m[K]
[3.717s]   103 |                         float [01;35m[Ktres[m[K=0.1;
[3.717s]       |                               [01;35m[K^~~~[m[K
[7.522s] gmake[2]: *** [CMakeFiles/rwth_publish.dir/build.make:76: CMakeFiles/rwth_publish.dir/src/rwth.cpp.o] Error 1
[7.522s] gmake[1]: *** [CMakeFiles/Makefile2:137: CMakeFiles/rwth_publish.dir/all] Error 2
[7.523s] gmake: *** [Makefile:146: all] Error 2
[7.528s] Invoked command in '/home/niklas/Documents/Telerrobotics/Lab2/ros2_ws_hough/build/rwth' returned '2': CMAKE_PREFIX_PATH=${CMAKE_PREFIX_PATH}:/home/niklas/Documents/Telerrobotics/Lab2/ros2_ws_hough/install/turtlebot3_teleop:/home/niklas/Documents/Telerrobotics/Lab2/ros2_ws_hough/install/turtlebot3_example:/opt/ros/humble /usr/bin/cmake --build /home/niklas/Documents/Telerrobotics/Lab2/ros2_ws_hough/build/rwth -- -j8 -l8
