[0.137s] Invoking command in '/home/niklas/Documents/Telerrobotics/Lab2/ros2_ws_hough/build/rwth': CMAKE_PREFIX_PATH=${CMAKE_PREFIX_PATH}:/home/niklas/Documents/Telerrobotics/Lab2/ros2_ws_hough/install/turtlebot3_teleop:/home/niklas/Documents/Telerrobotics/Lab2/ros2_ws_hough/install/turtlebot3_example:/opt/ros/humble /usr/bin/cmake --build /home/niklas/Documents/Telerrobotics/Lab2/ros2_ws_hough/build/rwth -- -j8 -l8
[0.223s] [35m[1mConsolidate compiler generated dependencies of target rwth_publish[0m
[0.258s] [ 50%] [32mBuilding CXX object CMakeFiles/rwth_publish.dir/src/rwth.cpp.o[0m
[4.025s] In file included from [01m[K/home/niklas/Documents/Telerrobotics/Lab2/ros2_ws_hough/src/rwth/src/rwth.cpp:9[m[K:
[4.025s] [01m[K/home/niklas/Documents/Telerrobotics/Lab2/ros2_ws_hough/src/rwth/src/helper.hpp:144:180:[m[K [01;31m[Kerror: [m[Ktemplate argument 2 is invalid
[4.025s]   144 |       std::tuple<std::vector<float>, std::vector<float, std::vector<float>> creatArray(std::vector<float> ranges, float angle_min, float angle_increment, float dTheta, float delta[01;31m[K)[m[K
[4.026s]       |                                                                                                                                                                                    [01;31m[K^[m[K
[4.026s] [01m[K/home/niklas/Documents/Telerrobotics/Lab2/ros2_ws_hough/src/rwth/src/helper.hpp:145:7:[m[K [01;31m[Kerror: [m[Kexpected unqualified-id before â€˜[01m[K{[m[Kâ€™ token
[4.026s]   145 |       [01;31m[K{[m[K
[4.026s]       |       [01;31m[K^[m[K
[4.103s] [01m[K/home/niklas/Documents/Telerrobotics/Lab2/ros2_ws_hough/src/rwth/src/rwth.cpp:[m[K In lambda function:
[4.103s] [01m[K/home/niklas/Documents/Telerrobotics/Lab2/ros2_ws_hough/src/rwth/src/rwth.cpp:62:42:[m[K [01;35m[Kwarning: [m[Kcomparison of integer expressions of different signedness: â€˜[01m[Kint[m[Kâ€™ and â€˜[01m[Kstd::vector<float>::size_type[m[Kâ€™ {aka â€˜[01m[Klong unsigned int[m[Kâ€™} [[01;35m[K]8;;https://gcc.gnu.org/onlinedocs/gcc/Warning-Options.html#index-Wsign-compare-Wsign-compare]8;;[m[K]
[4.103s]    62 |                         for(int i = 0; [01;35m[Ki < ranges.size()[m[K; i++)
[4.103s]       |                                        [01;35m[K~~^~~~~~~~~~~~~~~[m[K
[4.104s] [01m[K/home/niklas/Documents/Telerrobotics/Lab2/ros2_ws_hough/src/rwth/src/rwth.cpp:73:43:[m[K [01;35m[Kwarning: [m[Kcomparison of integer expressions of different signedness: â€˜[01m[Kint[m[Kâ€™ and â€˜[01m[Kstd::vector<float>::size_type[m[Kâ€™ {aka â€˜[01m[Klong unsigned int[m[Kâ€™} [[01;35m[K]8;;https://gcc.gnu.org/onlinedocs/gcc/Warning-Options.html#index-Wsign-compare-Wsign-compare]8;;[m[K]
[4.104s]    73 |                         for (int i = 0; [01;35m[Ki < ranges.size()[m[K; ++i) {
[4.104s]       |                                         [01;35m[K~~^~~~~~~~~~~~~~~[m[K
[4.109s] [01m[K/home/niklas/Documents/Telerrobotics/Lab2/ros2_ws_hough/src/rwth/src/rwth.cpp:107:83:[m[K [01;31m[Kerror: [m[Kâ€˜[01m[Kclass HelperRWTH[m[Kâ€™ has no member named â€˜[01m[KcreatArray[m[Kâ€™
[4.109s]   107 |                 std::tie(resultVector1, resultVector2, resultVector3) = newHelper.[01;31m[KcreatArray[m[K(ranges, angle_min, angle_increment, dTheta, delta);
[4.109s]       |                                                                                   [01;31m[K^~~~~~~~~~[m[K
[8.230s] gmake[2]: *** [CMakeFiles/rwth_publish.dir/build.make:76: CMakeFiles/rwth_publish.dir/src/rwth.cpp.o] Error 1
[8.231s] gmake[1]: *** [CMakeFiles/Makefile2:137: CMakeFiles/rwth_publish.dir/all] Error 2
[8.231s] gmake: *** [Makefile:146: all] Error 2
[8.236s] Invoked command in '/home/niklas/Documents/Telerrobotics/Lab2/ros2_ws_hough/build/rwth' returned '2': CMAKE_PREFIX_PATH=${CMAKE_PREFIX_PATH}:/home/niklas/Documents/Telerrobotics/Lab2/ros2_ws_hough/install/turtlebot3_teleop:/home/niklas/Documents/Telerrobotics/Lab2/ros2_ws_hough/install/turtlebot3_example:/opt/ros/humble /usr/bin/cmake --build /home/niklas/Documents/Telerrobotics/Lab2/ros2_ws_hough/build/rwth -- -j8 -l8
