[0.117s] Invoking command in '/home/niklas/Documents/Telerrobotics/Lab2/ros2_ws_hough/build/rwth': CMAKE_PREFIX_PATH=${CMAKE_PREFIX_PATH}:/home/niklas/Documents/Telerrobotics/Lab2/ros2_ws_hough/install/turtlebot3_teleop:/home/niklas/Documents/Telerrobotics/Lab2/ros2_ws_hough/install/turtlebot3_example:/opt/ros/humble /usr/bin/cmake --build /home/niklas/Documents/Telerrobotics/Lab2/ros2_ws_hough/build/rwth -- -j8 -l8
[0.207s] [35m[1mConsolidate compiler generated dependencies of target rwth_publish[0m
[0.245s] [ 50%] [32mBuilding CXX object CMakeFiles/rwth_publish.dir/src/rwth.cpp.o[0m
[4.053s] [01m[K/home/niklas/Documents/Telerrobotics/Lab2/ros2_ws_hough/src/rwth/src/rwth.cpp:[m[K In lambda function:
[4.053s] [01m[K/home/niklas/Documents/Telerrobotics/Lab2/ros2_ws_hough/src/rwth/src/rwth.cpp:62:42:[m[K [01;35m[Kwarning: [m[Kcomparison of integer expressions of different signedness: â€˜[01m[Kint[m[Kâ€™ and â€˜[01m[Kstd::vector<float>::size_type[m[Kâ€™ {aka â€˜[01m[Klong unsigned int[m[Kâ€™} [[01;35m[K]8;;https://gcc.gnu.org/onlinedocs/gcc/Warning-Options.html#index-Wsign-compare-Wsign-compare]8;;[m[K]
[4.054s]    62 |                         for(int i = 0; [01;35m[Ki < ranges.size()[m[K; i++)
[4.054s]       |                                        [01;35m[K~~^~~~~~~~~~~~~~~[m[K
[4.054s] [01m[K/home/niklas/Documents/Telerrobotics/Lab2/ros2_ws_hough/src/rwth/src/rwth.cpp:72:43:[m[K [01;35m[Kwarning: [m[Kcomparison of integer expressions of different signedness: â€˜[01m[Kint[m[Kâ€™ and â€˜[01m[Kstd::vector<float>::size_type[m[Kâ€™ {aka â€˜[01m[Klong unsigned int[m[Kâ€™} [[01;35m[K]8;;https://gcc.gnu.org/onlinedocs/gcc/Warning-Options.html#index-Wsign-compare-Wsign-compare]8;;[m[K]
[4.054s]    72 |                         for (int i = 0; [01;35m[Ki < ranges.size()[m[K; ++i) {
[4.055s]       |                                         [01;35m[K~~^~~~~~~~~~~~~~~[m[K
[4.057s] [01m[K/home/niklas/Documents/Telerrobotics/Lab2/ros2_ws_hough/src/rwth/src/rwth.cpp:177:64:[m[K [01;31m[Kerror: [m[Kno matching function for call to â€˜[01m[KHelperRWTH::creatPeakMatrix(float&, const float&, std::vector<float>&)[m[Kâ€™
[4.057s]   177 |                         float** C_s = [01;31m[KnewHelper.creatPeakMatrix(dTheta, delta, ranges)[m[K;
[4.058s]       |                                       [01;31m[K~~~~~~~~~~~~~~~~~~~~~~~~~^~~~~~~~~~~~~~~~~~~~~~~[m[K
[4.058s] In file included from [01m[K/home/niklas/Documents/Telerrobotics/Lab2/ros2_ws_hough/src/rwth/src/rwth.cpp:9[m[K:
[4.058s] [01m[K/home/niklas/Documents/Telerrobotics/Lab2/ros2_ws_hough/src/rwth/src/helper.hpp:63:15:[m[K [01;36m[Knote: [m[Kcandidate: â€˜[01m[Kfloat** HelperRWTH::creatPeakMatrix(float, float, std::vector<float>, std::vector<float>)[m[Kâ€™
[4.058s]    63 |       float** [01;36m[KcreatPeakMatrix[m[K(float dTheta,const float delta, std::vector<float> ranges, std::vector<float> phi){
[4.059s]       |               [01;36m[K^~~~~~~~~~~~~~~[m[K
[4.059s] [01m[K/home/niklas/Documents/Telerrobotics/Lab2/ros2_ws_hough/src/rwth/src/helper.hpp:63:15:[m[K [01;36m[Knote: [m[K  candidate expects 4 arguments, 3 provided
[4.060s] [01m[K/home/niklas/Documents/Telerrobotics/Lab2/ros2_ws_hough/src/rwth/src/rwth.cpp:177:33:[m[K [01;35m[Kwarning: [m[Kunused variable â€˜[01m[KC_s[m[Kâ€™ [[01;35m[K]8;;https://gcc.gnu.org/onlinedocs/gcc/Warning-Options.html#index-Wunused-variable-Wunused-variable]8;;[m[K]
[4.060s]   177 |                         float** [01;35m[KC_s[m[K = newHelper.creatPeakMatrix(dTheta, delta, ranges);
[4.060s]       |                                 [01;35m[K^~~[m[K
[8.113s] gmake[2]: *** [CMakeFiles/rwth_publish.dir/build.make:76: CMakeFiles/rwth_publish.dir/src/rwth.cpp.o] Error 1
[8.114s] gmake[1]: *** [CMakeFiles/Makefile2:137: CMakeFiles/rwth_publish.dir/all] Error 2
[8.114s] gmake: *** [Makefile:146: all] Error 2
[8.120s] Invoked command in '/home/niklas/Documents/Telerrobotics/Lab2/ros2_ws_hough/build/rwth' returned '2': CMAKE_PREFIX_PATH=${CMAKE_PREFIX_PATH}:/home/niklas/Documents/Telerrobotics/Lab2/ros2_ws_hough/install/turtlebot3_teleop:/home/niklas/Documents/Telerrobotics/Lab2/ros2_ws_hough/install/turtlebot3_example:/opt/ros/humble /usr/bin/cmake --build /home/niklas/Documents/Telerrobotics/Lab2/ros2_ws_hough/build/rwth -- -j8 -l8
