In file included from [01m[K/home/niklas/Documents/Telerrobotics/Lab2/ros2_ws_hough/src/rwth/src/rwth.cpp:9[m[K:
[01m[K/home/niklas/Documents/Telerrobotics/Lab2/ros2_ws_hough/src/rwth/src/helper.hpp:63:55:[m[K [01;31m[Kerror: [m[Kâ€˜[01m[Krow[m[Kâ€™ has not been declared
   63 |       std::vector<std::vector<float>> creatPeakMatrix([01;31m[Krow[m[K, col){
      |                                                       [01;31m[K^~~[m[K
[01m[K/home/niklas/Documents/Telerrobotics/Lab2/ros2_ws_hough/src/rwth/src/helper.hpp:63:60:[m[K [01;31m[Kerror: [m[Kâ€˜[01m[Kcol[m[Kâ€™ has not been declared
   63 |       std::vector<std::vector<float>> creatPeakMatrix(row, [01;31m[Kcol[m[K){
      |                                                            [01;31m[K^~~[m[K
[01m[K/home/niklas/Documents/Telerrobotics/Lab2/ros2_ws_hough/src/rwth/src/helper.hpp:[m[K In member function â€˜[01m[Kstd::vector<std::vector<float> > HelperRWTH::creatPeakMatrix(int, int)[m[Kâ€™:
[01m[K/home/niklas/Documents/Telerrobotics/Lab2/ros2_ws_hough/src/rwth/src/helper.hpp:64:48:[m[K [01;31m[Kerror: [m[Kâ€˜[01m[Krow[m[Kâ€™ was not declared in this scope; did you mean â€˜[01m[Krmw[m[Kâ€™?
   64 |         std::vector<std::vector<float>> matrix([01;31m[Krow[m[K, std::vector<int>(col, 0));
      |                                                [01;31m[K^~~[m[K
      |                                                [32m[Krmw[m[K
[01m[K/home/niklas/Documents/Telerrobotics/Lab2/ros2_ws_hough/src/rwth/src/helper.hpp:64:70:[m[K [01;31m[Kerror: [m[Kâ€˜[01m[Kcol[m[Kâ€™ was not declared in this scope; did you mean â€˜[01m[Kcosl[m[Kâ€™?
   64 |         std::vector<std::vector<float>> matrix(row, std::vector<int>([01;31m[Kcol[m[K, 0));
      |                                                                      [01;31m[K^~~[m[K
      |                                                                      [32m[Kcosl[m[K
[01m[K/home/niklas/Documents/Telerrobotics/Lab2/ros2_ws_hough/src/rwth/src/rwth.cpp:[m[K In lambda function:
[01m[K/home/niklas/Documents/Telerrobotics/Lab2/ros2_ws_hough/src/rwth/src/rwth.cpp:62:42:[m[K [01;35m[Kwarning: [m[Kcomparison of integer expressions of different signedness: â€˜[01m[Kint[m[Kâ€™ and â€˜[01m[Kstd::vector<float>::size_type[m[Kâ€™ {aka â€˜[01m[Klong unsigned int[m[Kâ€™} [[01;35m[K]8;;https://gcc.gnu.org/onlinedocs/gcc/Warning-Options.html#index-Wsign-compare-Wsign-compare]8;;[m[K]
   62 |                         for(int i = 0; [01;35m[Ki < ranges.size()[m[K; i++)
      |                                        [01;35m[K~~^~~~~~~~~~~~~~~[m[K
[01m[K/home/niklas/Documents/Telerrobotics/Lab2/ros2_ws_hough/src/rwth/src/rwth.cpp:72:43:[m[K [01;35m[Kwarning: [m[Kcomparison of integer expressions of different signedness: â€˜[01m[Kint[m[Kâ€™ and â€˜[01m[Kstd::vector<float>::size_type[m[Kâ€™ {aka â€˜[01m[Klong unsigned int[m[Kâ€™} [[01;35m[K]8;;https://gcc.gnu.org/onlinedocs/gcc/Warning-Options.html#index-Wsign-compare-Wsign-compare]8;;[m[K]
   72 |                         for (int i = 0; [01;35m[Ki < ranges.size()[m[K; ++i) {
      |                                         [01;35m[K~~^~~~~~~~~~~~~~~[m[K
gmake[2]: *** [CMakeFiles/rwth_publish.dir/build.make:76: CMakeFiles/rwth_publish.dir/src/rwth.cpp.o] Error 1
gmake[1]: *** [CMakeFiles/Makefile2:137: CMakeFiles/rwth_publish.dir/all] Error 2
gmake: *** [Makefile:146: all] Error 2
