[0.146s] Invoking command in '/home/niklas/Documents/Telerrobotics/Lab2/ros2_ws_hough/build/rwth': CMAKE_PREFIX_PATH=${CMAKE_PREFIX_PATH}:/home/niklas/Documents/Telerrobotics/Lab2/ros2_ws_hough/install/turtlebot3_teleop:/home/niklas/Documents/Telerrobotics/Lab2/ros2_ws_hough/install/turtlebot3_example:/opt/ros/humble /usr/bin/cmake --build /home/niklas/Documents/Telerrobotics/Lab2/ros2_ws_hough/build/rwth -- -j8 -l8
[0.232s] [35m[1mConsolidate compiler generated dependencies of target rwth_publish[0m
[0.275s] [ 50%] [32mBuilding CXX object CMakeFiles/rwth_publish.dir/src/rwth.cpp.o[0m
[3.977s] In file included from [01m[K/home/niklas/Documents/Telerrobotics/Lab2/ros2_ws_hough/src/rwth/src/rwth.cpp:9[m[K:
[3.977s] [01m[K/home/niklas/Documents/Telerrobotics/Lab2/ros2_ws_hough/src/rwth/src/helper.hpp:63:55:[m[K [01;31m[Kerror: [m[Kâ€˜[01m[Krow[m[Kâ€™ has not been declared
[3.977s]    63 |       std::vector<std::vector<float>> creatPeakMatrix([01;31m[Krow[m[K, col){
[3.978s]       |                                                       [01;31m[K^~~[m[K
[3.978s] [01m[K/home/niklas/Documents/Telerrobotics/Lab2/ros2_ws_hough/src/rwth/src/helper.hpp:63:60:[m[K [01;31m[Kerror: [m[Kâ€˜[01m[Kcol[m[Kâ€™ has not been declared
[3.978s]    63 |       std::vector<std::vector<float>> creatPeakMatrix(row, [01;31m[Kcol[m[K){
[3.978s]       |                                                            [01;31m[K^~~[m[K
[3.994s] [01m[K/home/niklas/Documents/Telerrobotics/Lab2/ros2_ws_hough/src/rwth/src/helper.hpp:[m[K In member function â€˜[01m[Kstd::vector<std::vector<float> > HelperRWTH::creatPeakMatrix(int, int)[m[Kâ€™:
[3.994s] [01m[K/home/niklas/Documents/Telerrobotics/Lab2/ros2_ws_hough/src/rwth/src/helper.hpp:64:48:[m[K [01;31m[Kerror: [m[Kâ€˜[01m[Krow[m[Kâ€™ was not declared in this scope; did you mean â€˜[01m[Krmw[m[Kâ€™?
[3.994s]    64 |         std::vector<std::vector<float>> matrix([01;31m[Krow[m[K, std::vector<int>(col, 0));
[3.994s]       |                                                [01;31m[K^~~[m[K
[3.994s]       |                                                [32m[Krmw[m[K
[4.001s] [01m[K/home/niklas/Documents/Telerrobotics/Lab2/ros2_ws_hough/src/rwth/src/helper.hpp:64:70:[m[K [01;31m[Kerror: [m[Kâ€˜[01m[Kcol[m[Kâ€™ was not declared in this scope; did you mean â€˜[01m[Kcosl[m[Kâ€™?
[4.001s]    64 |         std::vector<std::vector<float>> matrix(row, std::vector<int>([01;31m[Kcol[m[K, 0));
[4.001s]       |                                                                      [01;31m[K^~~[m[K
[4.001s]       |                                                                      [32m[Kcosl[m[K
[4.077s] [01m[K/home/niklas/Documents/Telerrobotics/Lab2/ros2_ws_hough/src/rwth/src/rwth.cpp:[m[K In lambda function:
[4.077s] [01m[K/home/niklas/Documents/Telerrobotics/Lab2/ros2_ws_hough/src/rwth/src/rwth.cpp:62:42:[m[K [01;35m[Kwarning: [m[Kcomparison of integer expressions of different signedness: â€˜[01m[Kint[m[Kâ€™ and â€˜[01m[Kstd::vector<float>::size_type[m[Kâ€™ {aka â€˜[01m[Klong unsigned int[m[Kâ€™} [[01;35m[K]8;;https://gcc.gnu.org/onlinedocs/gcc/Warning-Options.html#index-Wsign-compare-Wsign-compare]8;;[m[K]
[4.077s]    62 |                         for(int i = 0; [01;35m[Ki < ranges.size()[m[K; i++)
[4.077s]       |                                        [01;35m[K~~^~~~~~~~~~~~~~~[m[K
[4.077s] [01m[K/home/niklas/Documents/Telerrobotics/Lab2/ros2_ws_hough/src/rwth/src/rwth.cpp:72:43:[m[K [01;35m[Kwarning: [m[Kcomparison of integer expressions of different signedness: â€˜[01m[Kint[m[Kâ€™ and â€˜[01m[Kstd::vector<float>::size_type[m[Kâ€™ {aka â€˜[01m[Klong unsigned int[m[Kâ€™} [[01;35m[K]8;;https://gcc.gnu.org/onlinedocs/gcc/Warning-Options.html#index-Wsign-compare-Wsign-compare]8;;[m[K]
[4.078s]    72 |                         for (int i = 0; [01;35m[Ki < ranges.size()[m[K; ++i) {
[4.078s]       |                                         [01;35m[K~~^~~~~~~~~~~~~~~[m[K
[8.251s] gmake[2]: *** [CMakeFiles/rwth_publish.dir/build.make:76: CMakeFiles/rwth_publish.dir/src/rwth.cpp.o] Error 1
[8.251s] gmake[1]: *** [CMakeFiles/Makefile2:137: CMakeFiles/rwth_publish.dir/all] Error 2
[8.252s] gmake: *** [Makefile:146: all] Error 2
[8.257s] Invoked command in '/home/niklas/Documents/Telerrobotics/Lab2/ros2_ws_hough/build/rwth' returned '2': CMAKE_PREFIX_PATH=${CMAKE_PREFIX_PATH}:/home/niklas/Documents/Telerrobotics/Lab2/ros2_ws_hough/install/turtlebot3_teleop:/home/niklas/Documents/Telerrobotics/Lab2/ros2_ws_hough/install/turtlebot3_example:/opt/ros/humble /usr/bin/cmake --build /home/niklas/Documents/Telerrobotics/Lab2/ros2_ws_hough/build/rwth -- -j8 -l8
